<?xml version="1.0" encoding="UTF-8"?>
<!-- Generated by org.testng.reporters.JUnitXMLReporter -->
<testsuite ignored="0" hostname="LAPTOP-FFCGLBOM" failures="0" tests="6" name="EdgeTest" time="8.732" errors="0" timestamp="2025-03-05T21:11:25 IST">
  <testcase classname="testNG.UmrahBookings" name="login" time="1.23"/>
  <testcase classname="testNG.UmrahBookings" name="searchHotel" time="0.0">
    <skipped/>
  </testcase> <!-- searchHotel -->
  <testcase classname="testNG.UmrahBookings" name="selectFirstHotel" time="0.0">
    <skipped/>
  </testcase> <!-- selectFirstHotel -->
  <testcase classname="testNG.UmrahBookings" name="selectRoom" time="0.0">
    <skipped/>
  </testcase> <!-- selectRoom -->
  <testcase classname="testNG.UmrahBookings" name="fillPassengerDetails" time="0.0">
    <skipped/>
  </testcase> <!-- fillPassengerDetails -->
  <testcase classname="testNG.UmrahBookings" name="verifyPaymentOption" time="0.0">
    <skipped/>
  </testcase> <!-- verifyPaymentOption -->
</testsuite> <!-- EdgeTest -->
