<?xml version="1.0" encoding="UTF-8"?>
<testng-results ignored="0" total="3" passed="3" failed="0" skipped="0">
  <reporter-output>
  </reporter-output>
  <suite started-at="2024-10-20T16:19:47 IST" name="Suite" finished-at="2024-10-20T16:20:23 IST" duration-ms="35960">
    <groups>
    </groups>
    <test started-at="2024-10-20T16:19:47 IST" name="ChromeTest" finished-at="2024-10-20T16:19:56 IST" duration-ms="9125">
      <class name="logger4jDemo.CrossBrowserwithLog4j">
        <test-method is-config="true" signature="logger()[pri:0, instance:logger4jDemo.CrossBrowserwithLog4j@5b239d7d]" started-at="2024-10-20T16:19:47 IST" name="logger" finished-at="2024-10-20T16:19:47 IST" duration-ms="529" status="PASS">
          <reporter-output>
          </reporter-output>
        </test-method> <!-- logger -->
        <test-method is-config="true" signature="OpenBrowser(java.lang.String)[pri:0, instance:logger4jDemo.CrossBrowserwithLog4j@5b239d7d]" started-at="2024-10-20T16:19:47 IST" name="OpenBrowser" finished-at="2024-10-20T16:19:52 IST" duration-ms="4768" status="PASS">
          <params>
            <param index="0">
              <value>
                <![CDATA[chrome]]>
              </value>
            </param>
          </params>
          <reporter-output>
          </reporter-output>
        </test-method> <!-- OpenBrowser -->
        <test-method signature="login()[pri:0, instance:logger4jDemo.CrossBrowserwithLog4j@5b239d7d]" started-at="2024-10-20T16:19:52 IST" name="login" finished-at="2024-10-20T16:19:55 IST" duration-ms="2936" status="PASS">
          <reporter-output>
          </reporter-output>
        </test-method> <!-- login -->
        <test-method is-config="true" signature="logout()[pri:0, instance:logger4jDemo.CrossBrowserwithLog4j@5b239d7d]" started-at="2024-10-20T16:19:55 IST" name="logout" finished-at="2024-10-20T16:19:56 IST" duration-ms="835" status="PASS">
          <reporter-output>
          </reporter-output>
        </test-method> <!-- logout -->
      </class> <!-- logger4jDemo.CrossBrowserwithLog4j -->
    </test> <!-- ChromeTest -->
    <test started-at="2024-10-20T16:19:56 IST" name="FirefoxTest" finished-at="2024-10-20T16:20:09 IST" duration-ms="13627">
      <class name="logger4jDemo.CrossBrowserwithLog4j">
        <test-method is-config="true" signature="logger()[pri:0, instance:logger4jDemo.CrossBrowserwithLog4j@747ddf94]" started-at="2024-10-20T16:19:56 IST" name="logger" finished-at="2024-10-20T16:19:56 IST" duration-ms="1" status="PASS">
          <reporter-output>
          </reporter-output>
        </test-method> <!-- logger -->
        <test-method is-config="true" signature="OpenBrowser(java.lang.String)[pri:0, instance:logger4jDemo.CrossBrowserwithLog4j@747ddf94]" started-at="2024-10-20T16:19:56 IST" name="OpenBrowser" finished-at="2024-10-20T16:20:06 IST" duration-ms="10335" status="PASS">
          <params>
            <param index="0">
              <value>
                <![CDATA[firefox]]>
              </value>
            </param>
          </params>
          <reporter-output>
          </reporter-output>
        </test-method> <!-- OpenBrowser -->
        <test-method signature="login()[pri:0, instance:logger4jDemo.CrossBrowserwithLog4j@747ddf94]" started-at="2024-10-20T16:20:06 IST" name="login" finished-at="2024-10-20T16:20:08 IST" duration-ms="1597" status="PASS">
          <reporter-output>
          </reporter-output>
        </test-method> <!-- login -->
        <test-method is-config="true" signature="logout()[pri:0, instance:logger4jDemo.CrossBrowserwithLog4j@747ddf94]" started-at="2024-10-20T16:20:08 IST" name="logout" finished-at="2024-10-20T16:20:09 IST" duration-ms="1687" status="PASS">
          <reporter-output>
          </reporter-output>
        </test-method> <!-- logout -->
      </class> <!-- logger4jDemo.CrossBrowserwithLog4j -->
    </test> <!-- FirefoxTest -->
    <test started-at="2024-10-20T16:20:09 IST" name="EdgeTest" finished-at="2024-10-20T16:20:23 IST" duration-ms="13089">
      <class name="logger4jDemo.CrossBrowserwithLog4j">
        <test-method is-config="true" signature="logger()[pri:0, instance:logger4jDemo.CrossBrowserwithLog4j@1bd4fdd]" started-at="2024-10-20T16:20:09 IST" name="logger" finished-at="2024-10-20T16:20:10 IST" duration-ms="2" status="PASS">
          <reporter-output>
          </reporter-output>
        </test-method> <!-- logger -->
        <test-method is-config="true" signature="OpenBrowser(java.lang.String)[pri:0, instance:logger4jDemo.CrossBrowserwithLog4j@1bd4fdd]" started-at="2024-10-20T16:20:10 IST" name="OpenBrowser" finished-at="2024-10-20T16:20:17 IST" duration-ms="7822" status="PASS">
          <params>
            <param index="0">
              <value>
                <![CDATA[edge]]>
              </value>
            </param>
          </params>
          <reporter-output>
          </reporter-output>
        </test-method> <!-- OpenBrowser -->
        <test-method signature="login()[pri:0, instance:logger4jDemo.CrossBrowserwithLog4j@1bd4fdd]" started-at="2024-10-20T16:20:17 IST" name="login" finished-at="2024-10-20T16:20:21 IST" duration-ms="3642" status="PASS">
          <reporter-output>
          </reporter-output>
        </test-method> <!-- login -->
        <test-method is-config="true" signature="logout()[pri:0, instance:logger4jDemo.CrossBrowserwithLog4j@1bd4fdd]" started-at="2024-10-20T16:20:21 IST" name="logout" finished-at="2024-10-20T16:20:23 IST" duration-ms="1607" status="PASS">
          <reporter-output>
          </reporter-output>
        </test-method> <!-- logout -->
      </class> <!-- logger4jDemo.CrossBrowserwithLog4j -->
    </test> <!-- EdgeTest -->
  </suite> <!-- Suite -->
</testng-results>
