<?xml version="1.0" encoding="UTF-8"?>
<testng-results ignored="0" total="2" passed="2" failed="0" skipped="0">
  <reporter-output>
  </reporter-output>
  <suite started-at="2025-03-06T00:36:20 IST" name="Default suite" finished-at="2025-03-06T00:36:57 IST" duration-ms="37378">
    <groups>
    </groups>
    <test started-at="2025-03-06T00:36:20 IST" name="Default test" finished-at="2025-03-06T00:36:57 IST" duration-ms="37378">
      <class name="testNG.AnnotationsForSauceDemo">
        <test-method is-config="true" signature="login()[pri:0, instance:testNG.AnnotationsForSauceDemo@302552ec]" started-at="2025-03-06T00:36:20 IST" name="login" finished-at="2025-03-06T00:36:30 IST" duration-ms="10140" status="PASS">
          <reporter-output>
          </reporter-output>
        </test-method> <!-- login -->
        <test-method signature="Product1()[pri:0, instance:testNG.AnnotationsForSauceDemo@302552ec]" started-at="2025-03-06T00:36:30 IST" name="Product1" finished-at="2025-03-06T00:36:34 IST" duration-ms="4125" status="PASS">
          <reporter-output>
          </reporter-output>
        </test-method> <!-- Product1 -->
        <test-method is-config="true" signature="logout()[pri:0, instance:testNG.AnnotationsForSauceDemo@302552ec]" started-at="2025-03-06T00:36:34 IST" name="logout" finished-at="2025-03-06T00:36:39 IST" duration-ms="4854" status="PASS">
          <reporter-output>
          </reporter-output>
        </test-method> <!-- logout -->
        <test-method is-config="true" signature="login()[pri:0, instance:testNG.AnnotationsForSauceDemo@302552ec]" started-at="2025-03-06T00:36:39 IST" name="login" finished-at="2025-03-06T00:36:48 IST" duration-ms="9599" status="PASS">
          <reporter-output>
          </reporter-output>
        </test-method> <!-- login -->
        <test-method signature="Product2()[pri:0, instance:testNG.AnnotationsForSauceDemo@302552ec]" started-at="2025-03-06T00:36:48 IST" name="Product2" finished-at="2025-03-06T00:36:53 IST" duration-ms="4111" status="PASS">
          <reporter-output>
          </reporter-output>
        </test-method> <!-- Product2 -->
        <test-method is-config="true" signature="logout()[pri:0, instance:testNG.AnnotationsForSauceDemo@302552ec]" started-at="2025-03-06T00:36:53 IST" name="logout" finished-at="2025-03-06T00:36:57 IST" duration-ms="4457" status="PASS">
          <reporter-output>
          </reporter-output>
        </test-method> <!-- logout -->
      </class> <!-- testNG.AnnotationsForSauceDemo -->
    </test> <!-- Default test -->
  </suite> <!-- Default suite -->
</testng-results>
