<?xml version="1.0" encoding="UTF-8"?>
<testng-results ignored="0" total="3" passed="3" failed="0" skipped="0">
  <reporter-output>
  </reporter-output>
  <suite started-at="2024-09-29T17:38:28 IST" name="Suite" finished-at="2024-09-29T17:39:23 IST" duration-ms="54577">
    <groups>
    </groups>
    <test started-at="2024-09-29T17:38:28 IST" name="ChromeTest" finished-at="2024-09-29T17:38:46 IST" duration-ms="17832">
      <class name="logger4jDemo.CrossBrowserwithLog4j">
        <test-method is-config="true" signature="logger()[pri:0, instance:logger4jDemo.CrossBrowserwithLog4j@175c2241]" started-at="2024-09-29T17:38:28 IST" name="logger" finished-at="2024-09-29T17:38:29 IST" duration-ms="635" status="PASS">
          <reporter-output>
          </reporter-output>
        </test-method> <!-- logger -->
        <test-method is-config="true" signature="OpenBrowser(java.lang.String)[pri:0, instance:logger4jDemo.CrossBrowserwithLog4j@175c2241]" started-at="2024-09-29T17:38:29 IST" name="OpenBrowser" finished-at="2024-09-29T17:38:41 IST" duration-ms="11906" status="PASS">
          <params>
            <param index="0">
              <value>
                <![CDATA[chrome]]>
              </value>
            </param>
          </params>
          <reporter-output>
          </reporter-output>
        </test-method> <!-- OpenBrowser -->
        <test-method signature="login()[pri:0, instance:logger4jDemo.CrossBrowserwithLog4j@175c2241]" started-at="2024-09-29T17:38:41 IST" name="login" finished-at="2024-09-29T17:38:44 IST" duration-ms="2599" status="PASS">
          <reporter-output>
          </reporter-output>
        </test-method> <!-- login -->
        <test-method is-config="true" signature="logout()[pri:0, instance:logger4jDemo.CrossBrowserwithLog4j@175c2241]" started-at="2024-09-29T17:38:44 IST" name="logout" finished-at="2024-09-29T17:38:46 IST" duration-ms="2619" status="PASS">
          <reporter-output>
          </reporter-output>
        </test-method> <!-- logout -->
      </class> <!-- logger4jDemo.CrossBrowserwithLog4j -->
    </test> <!-- ChromeTest -->
    <test started-at="2024-09-29T17:38:46 IST" name="FirefoxTest" finished-at="2024-09-29T17:39:01 IST" duration-ms="14558">
      <class name="logger4jDemo.CrossBrowserwithLog4j">
        <test-method is-config="true" signature="logger()[pri:0, instance:logger4jDemo.CrossBrowserwithLog4j@74e52ef6]" started-at="2024-09-29T17:38:46 IST" name="logger" finished-at="2024-09-29T17:38:46 IST" duration-ms="0" status="PASS">
          <reporter-output>
          </reporter-output>
        </test-method> <!-- logger -->
        <test-method is-config="true" signature="OpenBrowser(java.lang.String)[pri:0, instance:logger4jDemo.CrossBrowserwithLog4j@74e52ef6]" started-at="2024-09-29T17:38:46 IST" name="OpenBrowser" finished-at="2024-09-29T17:38:57 IST" duration-ms="10605" status="PASS">
          <params>
            <param index="0">
              <value>
                <![CDATA[firefox]]>
              </value>
            </param>
          </params>
          <reporter-output>
          </reporter-output>
        </test-method> <!-- OpenBrowser -->
        <test-method signature="login()[pri:0, instance:logger4jDemo.CrossBrowserwithLog4j@74e52ef6]" started-at="2024-09-29T17:38:57 IST" name="login" finished-at="2024-09-29T17:38:59 IST" duration-ms="2009" status="PASS">
          <reporter-output>
          </reporter-output>
        </test-method> <!-- login -->
        <test-method is-config="true" signature="logout()[pri:0, instance:logger4jDemo.CrossBrowserwithLog4j@74e52ef6]" started-at="2024-09-29T17:38:59 IST" name="logout" finished-at="2024-09-29T17:39:01 IST" duration-ms="1933" status="PASS">
          <reporter-output>
          </reporter-output>
        </test-method> <!-- logout -->
      </class> <!-- logger4jDemo.CrossBrowserwithLog4j -->
    </test> <!-- FirefoxTest -->
    <test started-at="2024-09-29T17:39:01 IST" name="EdgeTest" finished-at="2024-09-29T17:39:23 IST" duration-ms="22050">
      <class name="logger4jDemo.CrossBrowserwithLog4j">
        <test-method is-config="true" signature="logger()[pri:0, instance:logger4jDemo.CrossBrowserwithLog4j@1a677343]" started-at="2024-09-29T17:39:01 IST" name="logger" finished-at="2024-09-29T17:39:01 IST" duration-ms="4" status="PASS">
          <reporter-output>
          </reporter-output>
        </test-method> <!-- logger -->
        <test-method is-config="true" signature="OpenBrowser(java.lang.String)[pri:0, instance:logger4jDemo.CrossBrowserwithLog4j@1a677343]" started-at="2024-09-29T17:39:01 IST" name="OpenBrowser" finished-at="2024-09-29T17:39:20 IST" duration-ms="18820" status="PASS">
          <params>
            <param index="0">
              <value>
                <![CDATA[edge]]>
              </value>
            </param>
          </params>
          <reporter-output>
          </reporter-output>
        </test-method> <!-- OpenBrowser -->
        <test-method signature="login()[pri:0, instance:logger4jDemo.CrossBrowserwithLog4j@1a677343]" started-at="2024-09-29T17:39:20 IST" name="login" finished-at="2024-09-29T17:39:22 IST" duration-ms="2488" status="PASS">
          <reporter-output>
          </reporter-output>
        </test-method> <!-- login -->
        <test-method is-config="true" signature="logout()[pri:0, instance:logger4jDemo.CrossBrowserwithLog4j@1a677343]" started-at="2024-09-29T17:39:22 IST" name="logout" finished-at="2024-09-29T17:39:23 IST" duration-ms="728" status="PASS">
          <reporter-output>
          </reporter-output>
        </test-method> <!-- logout -->
      </class> <!-- logger4jDemo.CrossBrowserwithLog4j -->
    </test> <!-- EdgeTest -->
  </suite> <!-- Suite -->
</testng-results>
